

> @apps/web-learner@0.1.0 build /home/hkym/Code/test/web3-university-monorepo/apps/web-learner
> next build

 [33m[1m⚠[22m[39m Warning: Next.js inferred your workspace root, but it may not be correct.
 We detected multiple lockfiles and selected the directory of /home/hkym/package-lock.json as the root directory.
 To silence this warning, set `turbopack.root` in your Next.js config, or consider removing one of the lockfiles if it's not needed.
   See https://nextjs.org/docs/app/api-reference/config/next-config-js/turbopack#root-directory for more information.
 Detected additional lockfiles: 
   * /home/hkym/Code/test/web3-university-monorepo/pnpm-lock.yaml

   [1m[38;2;173;127;168m▲ Next.js 16.0.10[39m[22m (Turbopack)

 [37m[1m [22m[39m Creating an optimized production build ...
 [32m[1m✓[22m[39m Compiled successfully in 1705.5ms
[?25l [37m[1m [22m[39m Running TypeScript  [36m.[39m[2K[1G [37m[1m [22m[39m Running TypeScript  [36m..[39m[2K[1G [37m[1m [22m[39m Running TypeScript  [36m...[39m[2K[1G [37m[1m [22m[39m Running TypeScript  [36m.[39m[2K[1G [37m[1m [22m[39m Running TypeScript  [36m..[39m[2K[1G[?25h[?25l [37m[1m [22m[39m Finished TypeScript in 805.5ms  [36m.[39m[2K[1G[?25h [37m[1m [22m[39m Finished TypeScript in 805.5ms     [32m[1m✓[22m[39m Finished TypeScript in 805.5ms 
[?25l [37m[1m [22m[39m Collecting page data using 23 workers  [36m.[39m[2K[1G [37m[1m [22m[39m Collecting page data using 23 workers  [36m..[39m[2K[1G[?25h [37m[1m [22m[39m Collecting page data using 23 workers in 471.4ms     [32m[1m✓[22m[39m Collecting page data using 23 workers in 471.4ms 
[?25l [37m[1m [22m[39m Generating static pages using 23 workers (0/4)  [36m[    ][39m[2K[1G [37m[1m [22m[39m Generating static pages using 23 workers (0/4)  [36m[=   ][39m[2K[1G[?25h [32m[1m✓[22m[39m Generating static pages using 23 workers (4/4) in 451.8ms
[?25l [37m[1m [22m[39m Finalizing page optimization  [36m.[39m[2K[1G[?25h [37m[1m [22m[39m Finalizing page optimization in 2.4ms     [32m[1m✓[22m[39m Finalizing page optimization in 2.4ms 

[4mRoute (app)[24m
┌ ○ /
└ ○ /_not-found


○  (Static)  prerendered as static content

[?25h
